c:\users\khali\documents\_school\4dk4\labs\lab 03\experiment 5\coe4dk4_lab_3_2015\debug\vc140.pdb
c:\users\khali\documents\_school\4dk4\labs\lab 03\experiment 5\coe4dk4_lab_3_2015\debug\vc140.idb
c:\users\khali\documents\_school\4dk4\labs\lab 03\experiment 5\coe4dk4_lab_3_2015\debug\call_arrival.obj
c:\users\khali\documents\_school\4dk4\labs\lab 03\experiment 5\coe4dk4_lab_3_2015\debug\call_departure.obj
c:\users\khali\documents\_school\4dk4\labs\lab 03\experiment 5\coe4dk4_lab_3_2015\debug\call_duration.obj
c:\users\khali\documents\_school\4dk4\labs\lab 03\experiment 5\coe4dk4_lab_3_2015\debug\cleanup.obj
c:\users\khali\documents\_school\4dk4\labs\lab 03\experiment 5\coe4dk4_lab_3_2015\debug\main.obj
c:\users\khali\documents\_school\4dk4\labs\lab 03\experiment 5\coe4dk4_lab_3_2015\debug\output.obj
c:\users\khali\documents\_school\4dk4\labs\lab 03\experiment 5\coe4dk4_lab_3_2015\debug\simlib.obj
c:\users\khali\documents\_school\4dk4\labs\lab 03\experiment 5\coe4dk4_lab_3_2015\debug\experiment 5.ilk
c:\users\khali\documents\_school\4dk4\labs\lab 03\experiment 5\coe4dk4_lab_3_2015\debug\experiment 5.exe
c:\users\khali\documents\_school\4dk4\labs\lab 03\experiment 5\coe4dk4_lab_3_2015\debug\experiment 5.pdb
c:\users\khali\documents\_school\4dk4\labs\lab 03\experiment 5\coe4dk4_lab_3_2015\debug\experiment4.ilk
c:\users\khali\documents\_school\4dk4\labs\lab 03\experiment 5\coe4dk4_lab_3_2015\debug\experiment4.pdb
c:\users\khali\documents\_school\4dk4\labs\lab 03\experiment 5\coe4dk4_lab_3_2015\debug\experiment 5.tlog\cl.command.1.tlog
c:\users\khali\documents\_school\4dk4\labs\lab 03\experiment 5\coe4dk4_lab_3_2015\debug\experiment 5.tlog\cl.read.1.tlog
c:\users\khali\documents\_school\4dk4\labs\lab 03\experiment 5\coe4dk4_lab_3_2015\debug\experiment 5.tlog\cl.write.1.tlog
c:\users\khali\documents\_school\4dk4\labs\lab 03\experiment 5\coe4dk4_lab_3_2015\debug\experiment 5.tlog\link.command.1.tlog
c:\users\khali\documents\_school\4dk4\labs\lab 03\experiment 5\coe4dk4_lab_3_2015\debug\experiment 5.tlog\link.read.1.tlog
c:\users\khali\documents\_school\4dk4\labs\lab 03\experiment 5\coe4dk4_lab_3_2015\debug\experiment 5.tlog\link.write.1.tlog
